Utilisateur 12345 déconnecté à 2023-08-24 22:08:38.361580
Utilisateur princegildas29@gmail.com connecté à 2023-08-24 22:08:43.402326
Utilisateur princegildas29@gmail.com déconnecté à 2023-08-24 22:10:31.479557
Utilisateur 12345 connecté à 2023-08-24 22:10:36.034273
Utilisateur 12345 déconnecté à 2023-08-24 22:25:52.142809
Utilisateur 12345 connecté à 2023-08-24 22:26:05.659169
Utilisateur princegildas29@gmail.com connecté à 2023-08-25 01:16:22.630568
Utilisateur princegildas29@gmail.com déconnecté à 2023-08-25 01:18:34.871855
Utilisateur 12345 connecté à 2023-08-25 01:18:38.431813
Utilisateur 12345 déconnecté à 2023-08-25 01:24:03.106111
Utilisateur princegildas29@gmail.com connecté à 2023-08-25 01:24:07.815613
Utilisateur 12345 connecté à 2023-08-25 01:26:27.077806
Utilisateur 12345 déconnecté à 2023-08-25 01:26:39.967650
Utilisateur princegildas29@gmail.com connecté à 2023-08-25 01:26:48.256610
Utilisateur princegildas29@gmail.com déconnecté à 2023-08-25 01:30:28.345996
Utilisateur 12345 connecté à 2023-08-25 01:30:32.870676
Utilisateur 12345 déconnecté à 2023-08-25 02:23:41.212831
Utilisateur princegildas29@gmail.com connecté à 2023-08-25 02:23:48.200661
Utilisateur princegildas29@gmail.com déconnecté à 2023-08-25 02:24:43.740640
Utilisateur 12345 connecté à 2023-08-25 02:24:47.755770
Utilisateur 12345 déconnecté à 2023-08-25 02:25:02.275087
Utilisateur princegildas29@gmail.com connecté à 2023-08-25 02:25:06.657598
Utilisateur princegildas29@gmail.com déconnecté à 2023-08-25 03:31:46.866367
Utilisateur 12345 connecté à 2023-08-25 03:31:50.977638
Utilisateur 12345 déconnecté à 2023-08-25 03:32:32.548206
Utilisateur princegildas29@gmail.com connecté à 2023-08-25 03:32:37.581648
Utilisateur 12345 connecté à 2023-08-25 04:02:42.155791
Utilisateur 12345 connecté à 2023-08-25 04:45:28.933623
Utilisateur 12345 déconnecté à 2023-08-25 05:15:35.266665
Utilisateur 12345 connecté à 2023-08-25 05:15:41.560272
Utilisateur 12345 connecté à 2023-08-25 10:36:19.837161
Utilisateur 12345 connecté à 2023-08-25 10:53:29.849702
Utilisateur 12345 déconnecté à 2023-08-25 10:55:00.367649
Utilisateur princegildas29@gmail.com connecté à 2023-08-25 10:55:07.360099
Utilisateur 12345 connecté à 2023-08-25 11:17:14.736986
Utilisateur 12345 connecté à 2023-08-28 22:22:25.007281
Utilisateur 12345 connecté à 2023-08-29 19:40:20.238517
Utilisateur 12345 déconnecté à 2023-08-29 19:40:27.600304
Utilisateur 12345 connecté à 2023-08-31 20:41:34.562512
Utilisateur 12345 connecté à 2023-09-03 15:49:04.120829
Utilisateur 12345 connecté à 2023-09-03 21:32:13.838939
Utilisateur princegildas29@gmail.com connecté à 2023-09-03 22:22:18.770083
Utilisateur 12345 connecté à 2023-09-04 11:51:39.753699
Utilisateur 12345 connecté à 2023-09-04 22:53:04.795438
Utilisateur 12345 connecté à 2023-09-05 02:02:13.648147
Utilisateur 12345 connecté à 2023-09-05 12:24:42.471086
Utilisateur 12345 connecté à 2023-09-05 18:10:05.484043
Utilisateur 12345 déconnecté à 2023-09-05 18:47:14.567763
Utilisateur princegildas29@gmail.com connecté à 2023-09-05 18:47:18.501811
Utilisateur princegildas29@gmail.com connecté à 2023-09-05 19:22:02.865565
Utilisateur princegildas29@gmail.com déconnecté à 2023-09-05 22:37:14.708195
Utilisateur 12345 connecté à 2023-09-05 22:37:18.954073
Utilisateur 12345 connecté à 2023-09-06 20:31:55.659815
Utilisateur 12345 connecté à 2023-09-06 22:10:38.781068
Utilisateur 12345 connecté à 2023-09-06 22:19:22.491800
Utilisateur 12345 connecté à 2023-09-06 22:21:31.652021
Utilisateur 12345 connecté à 2023-09-06 22:45:41.575803
Utilisateur princegildas29@gmail.com connecté à 2023-09-07 01:03:37.372591
Utilisateur 12345 connecté à 2023-09-07 02:20:46.128201
Utilisateur 12345 déconnecté à 2023-09-07 02:21:24.270446
Utilisateur princegildas29@gmail.com connecté à 2023-09-07 02:21:30.920191
Utilisateur princegildas29@gmail.com déconnecté à 2023-09-07 02:45:37.524306
Utilisateur 12345 connecté à 2023-09-07 02:46:16.233440
Utilisateur 12345 déconnecté à 2023-09-07 02:49:20.450711
Utilisateur princegildas29@gmail.com connecté à 2023-09-07 02:49:24.979231
Utilisateur princegildas29@gmail.com déconnecté à 2023-09-07 03:27:44.476986
Utilisateur 12345 connecté à 2023-09-07 03:27:48.511440
Utilisateur 12345 déconnecté à 2023-09-07 03:38:58.668347
Utilisateur princegildas29@gmail.com connecté à 2023-09-07 03:39:02.680373
Utilisateur princegildas29@gmail.com déconnecté à 2023-09-07 03:39:56.747432
Utilisateur 12345 connecté à 2023-09-07 03:40:02.834962
Utilisateur princegildas29@gmail.com connecté à 2023-09-07 19:27:45.350902
Utilisateur princegildas29@gmail.com déconnecté à 2023-09-07 19:30:35.774437
Utilisateur 12345 connecté à 2023-09-07 19:30:40.068559
Utilisateur 12345 connecté à 2023-09-07 21:24:32.059148
Utilisateur 12345 connecté à 2023-09-07 21:53:26.863998
Utilisateur 12345 connecté à 2023-09-08 01:20:50.426098
Utilisateur 12345 connecté à 2023-09-09 21:56:13.881244
Utilisateur 12345 connecté à 2023-09-12 23:26:38.512553
Utilisateur princegildas29@gmail.com connecté à 2023-09-12 23:27:03.776259
Utilisateur 12345 connecté à 2023-09-13 00:50:38.077777
Utilisateur 12345 connecté à 2023-09-13 20:37:30.114129
Utilisateur 12345 connecté à 2023-09-14 01:42:33.442042
Utilisateur 12345 connecté à 2023-09-14 10:41:05.924376
Utilisateur 12345 connecté à 2023-09-14 14:05:50.267517
Utilisateur 12345 connecté à 2023-09-14 14:26:46.442490
Utilisateur 12345 connecté à 2023-09-14 16:47:56.764829
Utilisateur 12345 connecté à 2023-09-14 21:06:33.797339
Utilisateur client@gmail.com connecté à 2023-09-17 15:29:44.882145
Utilisateur client@gmail.com connecté à 2023-09-17 18:20:45.966246
